2021-08-19 13:28:00.279  INFO 12660 --- [main] c.c.discuz.admin.AdminApplication        : Starting AdminApplication on DESKTOP-MQBQK5Q with PID 12660 (D:\Users\chenyuxian\eclipse-workspace\chen-discuz\discuz-admin\target\classes started by chenyuxian in D:\Users\chenyuxian\eclipse-workspace\chen-discuz\discuz-admin)
2021-08-19 13:28:00.304  INFO 12660 --- [main] c.c.discuz.admin.AdminApplication        : The following profiles are active: dev
2021-08-19 13:28:05.200  INFO 12660 --- [main] .s.d.r.c.RepositoryConfigurationDelegate : Multiple Spring Data modules found, entering strict repository configuration mode!
2021-08-19 13:28:05.206  INFO 12660 --- [main] .s.d.r.c.RepositoryConfigurationDelegate : Bootstrapping Spring Data Redis repositories in DEFAULT mode.
2021-08-19 13:28:05.281  INFO 12660 --- [main] .s.d.r.c.RepositoryConfigurationDelegate : Finished Spring Data repository scanning in 21ms. Found 0 Redis repository interfaces.
2021-08-19 13:28:06.001  WARN 12660 --- [main] o.m.s.mapper.ClassPathMapperScanner      : No MyBatis mapper was found in '[cn.chenyuxian.discuz.admin]' package. Please check your configuration.
2021-08-19 13:28:07.012  INFO 12660 --- [main] trationDelegate$BeanPostProcessorChecker : Bean 'redisConfig' of type [cn.chenyuxian.discuz.admin.config.RedisConfig$$EnhancerBySpringCGLIB$$46cbc9a1] is not eligible for getting processed by all BeanPostProcessors (for example: not eligible for auto-proxying)
2021-08-19 13:28:08.321  WARN 12660 --- [main] io.undertow.websockets.jsr               : UT026010: Buffer pool was not set on WebSocketDeploymentInfo, the default pool will be used
2021-08-19 13:28:08.480  INFO 12660 --- [main] io.undertow.servlet                      : Initializing Spring embedded WebApplicationContext
2021-08-19 13:28:08.480  INFO 12660 --- [main] w.s.c.ServletWebServerApplicationContext : Root WebApplicationContext: initialization completed in 7941 ms
2021-08-19 13:28:12.205  INFO 12660 --- [main] o.s.b.a.e.web.EndpointLinksResolver      : Exposing 13 endpoint(s) beneath base path '/actuator'
2021-08-19 13:28:12.959  INFO 12660 --- [main] o.s.s.concurrent.ThreadPoolTaskExecutor  : Initializing ExecutorService 'applicationTaskExecutor'
2021-08-19 13:28:19.725  INFO 12660 --- [main] o.s.s.c.ThreadPoolTaskScheduler          : Initializing ExecutorService
2021-08-19 13:28:20.866  INFO 12660 --- [main] o.s.s.web.DefaultSecurityFilterChain     : Creating filter chain: any request, [org.springframework.security.web.context.request.async.WebAsyncManagerIntegrationFilter@681d704e, org.springframework.security.web.context.SecurityContextPersistenceFilter@3220c28, org.springframework.security.web.header.HeaderWriterFilter@4c2bea52, org.springframework.security.web.authentication.logout.LogoutFilter@3e4f2300, org.springframework.security.web.authentication.www.BasicAuthenticationFilter@17df689e, org.springframework.security.web.savedrequest.RequestCacheAwareFilter@40c28b0d, org.springframework.security.web.servletapi.SecurityContextHolderAwareRequestFilter@67e11bda, org.springframework.security.web.authentication.AnonymousAuthenticationFilter@846b47, org.springframework.security.web.session.SessionManagementFilter@430d3021, org.springframework.security.web.access.ExceptionTranslationFilter@3dc55719, org.springframework.security.web.access.intercept.FilterSecurityInterceptor@4b9f7edc]
2021-08-19 13:28:21.533  INFO 12660 --- [main] io.undertow                              : starting server: Undertow - 2.1.5.Final
2021-08-19 13:28:21.618  INFO 12660 --- [main] org.xnio                                 : XNIO version 3.8.0.Final
2021-08-19 13:28:21.655  INFO 12660 --- [main] org.xnio.nio                             : XNIO NIO Implementation Version 3.8.0.Final
2021-08-19 13:28:21.883  INFO 12660 --- [main] org.jboss.threads                        : JBoss Threads version 3.1.0.Final
2021-08-19 13:28:22.101  INFO 12660 --- [main] o.s.b.w.e.undertow.UndertowWebServer     : Undertow started on port(s) 8081 (http)
2021-08-19 13:28:22.233  INFO 12660 --- [main] c.c.discuz.admin.AdminApplication        : Started AdminApplication in 23.4 seconds (JVM running for 24.04)
2021-08-19 13:28:24.526  WARN 12660 --- [registrationTask1] d.c.b.a.c.r.ApplicationRegistrator       : Failed to register application as Application(name=admin, managementUrl=http://DESKTOP-MQBQK5Q:8081/actuator, healthUrl=http://DESKTOP-MQBQK5Q:8081/actuator/health, serviceUrl=http://DESKTOP-MQBQK5Q:8081/) at spring-boot-admin ([http://localhost:8080/instances]): I/O error on POST request for "http://localhost:8080/instances": Connection refused: connect; nested exception is java.net.ConnectException: Connection refused: connect. Further attempts are logged on DEBUG level
2021-08-19 13:29:03.905  INFO 12660 --- [registrationTask1] d.c.b.a.c.r.ApplicationRegistrator       : Application registered itself as c47abde470f8
2021-08-19 13:29:04.071  INFO 12660 --- [XNIO-1 task-1] io.undertow.servlet                      : Initializing Spring DispatcherServlet 'dispatcherServlet'
2021-08-19 13:29:04.072  INFO 12660 --- [XNIO-1 task-1] o.s.web.servlet.DispatcherServlet        : Initializing Servlet 'dispatcherServlet'
2021-08-19 13:29:04.138  INFO 12660 --- [XNIO-1 task-1] o.s.web.servlet.DispatcherServlet        : Completed initialization in 65 ms
2021-08-19 13:29:05.721  INFO 12660 --- [XNIO-1 task-1] com.alibaba.druid.pool.DruidDataSource   : {dataSource-1} inited
